============================= test session starts ==============================
platform linux -- Python 3.11.15, pytest-8.3.4, pluggy-1.6.0
rootdir: /app
plugins: anyio-4.13.0
collected 5 items

tests/test_datasets.py .                                                 [ 20%]
tests/test_exports.py .                                                  [ 40%]
tests/test_health.py .                                                   [ 60%]
tests/test_validation.py ..                                              [100%]

=============================== warnings summary ===============================
../usr/local/lib/python3.11/site-packages/passlib/utils/__init__.py:854
  /usr/local/lib/python3.11/site-packages/passlib/utils/__init__.py:854: DeprecationWarning: 'crypt' is deprecated and slated for removal in Python 3.13
    from crypt import crypt as _crypt

app/main.py:30
  /app/app/main.py:30: DeprecationWarning: 
          on_event is deprecated, use lifespan event handlers instead.
  
          Read more about it in the
          [FastAPI docs for Lifespan Events](https://fastapi.tiangolo.com/advanced/events/).
          
    @app.on_event("startup")

../usr/local/lib/python3.11/site-packages/fastapi/applications.py:4495
  /usr/local/lib/python3.11/site-packages/fastapi/applications.py:4495: DeprecationWarning: 
          on_event is deprecated, use lifespan event handlers instead.
  
          Read more about it in the
          [FastAPI docs for Lifespan Events](https://fastapi.tiangolo.com/advanced/events/).
          
    return self.router.on_event(event_type)

-- Docs: https://docs.pytest.org/en/stable/how-to/capture-warnings.html
======================== 5 passed, 3 warnings in 11.07s ========================
